[debug] > Exec(early(addDefaultCommands), None, None)
[debug] > Exec(addDefaultCommands, None, None)
[debug] > Exec(early(initialize), None, None)
[debug] > Exec(initialize, None, None)
[debug] > Exec(early(addPluginSbtFile="""C:\Users\ee_ma\AppData\Local\Temp\idea.sbt"""), None, None)
[debug] > Exec(addPluginSbtFile="""C:\Users\ee_ma\AppData\Local\Temp\idea.sbt""", None, None)
[debug] > Exec(boot, None, None)
[debug] > Exec(writeSbtVersion, None, None)
[debug] > Exec(reload, None, None)
[debug] > Exec(sbtStashOnFailure, None, None)
[debug] > Exec(onFailure loadFailed, None, None)
[debug] > Exec(loadp, None, None)
[info] welcome to sbt 1.10.1 (Microsoft Java 11.0.16.1)
[debug] Load.defaultLoad until apply took 103.8337ms
[debug]           Load.loadUnit: plugins took 101.2077ms
[debug]           Load.loadUnit: defsScala took 0.2758ms
[debug] [Loading] Scanning directory C:\Data\scala\-naumen.scala.course.2024.autumn\homeworks\homework_5\project
[debug]             Load.loadUnit: mkEval took 7.1041ms
[debug] [Loading] Found non-root projects 
[debug] [Loading] Done in C:\Data\scala\-naumen.scala.course.2024.autumn\homeworks\homework_5\project, returning: ()
[debug] deducing auto plugins based on known facts Set(Atom(sbt.plugins.CorePlugin)) and clauses Clauses(Clause(Atom(sbt.plugins.JvmPlugin),Set(Atom(sbt.plugins.IvyPlugin)))
[debug] Clause(Atom(sbt.ScriptedPlugin),Set(Atom(sbt.plugins.JvmPlugin)))
[debug] Clause(Atom(sbt.plugins.SbtPlugin),Set(Atom(sbt.ScriptedPlugin)))
[debug] Clause(Atom(sbt.plugins.SemanticdbPlugin),Set(Atom(sbt.plugins.JvmPlugin)))
[debug] Clause(Atom(sbt.plugins.JUnitXmlReportPlugin),Set(Atom(sbt.plugins.JvmPlugin)))
[debug] Clause(Atom(sbt.plugins.MiniDependencyTreePlugin),Set(Atom(sbt.plugins.JvmPlugin)))
[debug] Clause(Atom(sbt.plugins.CorePlugin),Set(Atom(sbt.plugins.IvyPlugin)))
[debug] Clause(Atom(sbt.plugins.IvyPlugin),Set(Atom(sbt.plugins.JvmPlugin)))
[debug] Clause(Atom(sbt.plugins.JvmPlugin),Set(Atom(sbt.plugins.SemanticdbPlugin)))
[debug] Clause(Atom(sbt.plugins.JvmPlugin),Set(Atom(sbt.plugins.JUnitXmlReportPlugin)))
[debug] Clause(Atom(sbt.plugins.CorePlugin),Set(Atom(sbt.plugins.Giter8TemplatePlugin)))
[debug] Clause(Atom(sbt.plugins.JvmPlugin),Set(Atom(sbt.plugins.MiniDependencyTreePlugin))))
[debug]   :: deduced result: Matched(sbt.plugins.CorePlugin,sbt.plugins.Giter8TemplatePlugin,sbt.plugins.IvyPlugin,sbt.plugins.JvmPlugin,sbt.plugins.MiniDependencyTreePlugin,sbt.plugins.JUnitXmlReportPlugin,sbt.plugins.SemanticdbPlugin)
[debug] Plugins.deducer#function took 12.8233 ms
[info] loading settings for project homework_5-build from idea.sbt ...
[debug]               Load.resolveProject(homework_5-build) took 34.9673ms
[debug]             Load.loadTransitive: finalizeProject(Project(id homework_5-build, base: C:\Data\scala\-naumen.scala.course.2024.autumn\homeworks\homework_5\project, plugins: List(<none>))) took 54.6135ms
[debug] [Loading] Done in C:\Data\scala\-naumen.scala.course.2024.autumn\homeworks\homework_5\project, returning: (homework_5-build)
[debug]           Load.loadUnit: loadedProjectsRaw took 2904.7462ms
[debug]           Load.loadUnit: cleanEvalClasses took 4.9686ms
[debug]         Load.loadUnit(file:/C:/Data/scala/-naumen.scala.course.2024.autumn/homeworks/homework_5/project/, ...) took 3016.2433ms
[debug]       Load.apply: load took 3116.1815ms
[debug]       Load.apply: resolveProjects took 3.7515ms
[debug]       Load.apply: finalTransforms took 60.7697ms
[debug]       Load.apply: config.delegates took 15.7968ms
[debug]       Load.apply: Def.make(settings)... took 649.083ms
[debug]       Load.apply: structureIndex took 147.5603ms
[debug]       Load.apply: mkStreams took 7.5509ms
[info] loading project definition from C:\Data\scala\-naumen.scala.course.2024.autumn\homeworks\homework_5\project
[debug] Running task... Cancel: Signal, check cycles: false, forcegc: true
[debug]     Load.loadUnit: plugins took 5741.2017ms
[debug]     Load.loadUnit: defsScala took 0.003ms
[debug] [Loading] Scanning directory C:\Data\scala\-naumen.scala.course.2024.autumn\homeworks\homework_5
[debug]       Load.loadUnit: mkEval took 0.3001ms
[debug] [Loading] Found root project root w/ remaining 
[debug] deducing auto plugins based on known facts Set(Atom(sbt.plugins.CorePlugin)) and clauses Clauses(Clause(Atom(sbt.plugins.JvmPlugin),Set(Atom(sbt.plugins.IvyPlugin)))
[debug] Clause(Atom(sbt.ScriptedPlugin),Set(Atom(sbt.plugins.JvmPlugin)))
[debug] Clause(Atom(sbt.plugins.SbtPlugin),Set(Atom(sbt.ScriptedPlugin)))
[debug] Clause(Atom(sbt.plugins.SemanticdbPlugin),Set(Atom(sbt.plugins.JvmPlugin)))
[debug] Clause(Atom(sbt.plugins.JUnitXmlReportPlugin),Set(Atom(sbt.plugins.JvmPlugin)))
[debug] Clause(Atom(sbt.plugins.MiniDependencyTreePlugin),Set(Atom(sbt.plugins.JvmPlugin)))
[debug] Clause(Atom(org.jetbrains.sbt.StructurePlugin),Set(Atom(sbt.plugins.JvmPlugin)))
[debug] Clause(Atom(org.jetbrains.sbt.IdeaShellPlugin),Set(Atom(sbt.plugins.JvmPlugin)))
[debug] Clause(Atom(sbt.plugins.CorePlugin),Set(Atom(sbt.plugins.IvyPlugin)))
[debug] Clause(Atom(sbt.plugins.IvyPlugin),Set(Atom(sbt.plugins.JvmPlugin)))
[debug] Clause(Atom(sbt.plugins.JvmPlugin),Set(Atom(sbt.plugins.SemanticdbPlugin)))
[debug] Clause(Atom(sbt.plugins.JvmPlugin),Set(Atom(sbt.plugins.JUnitXmlReportPlugin)))
[debug] Clause(Atom(sbt.plugins.CorePlugin),Set(Atom(sbt.plugins.Giter8TemplatePlugin)))
[debug] Clause(Atom(sbt.plugins.JvmPlugin),Set(Atom(sbt.plugins.MiniDependencyTreePlugin)))
[debug] Clause(Atom(sbt.plugins.JvmPlugin),Set(Atom(org.jetbrains.sbt.StructurePlugin)))
[debug] Clause(Atom(sbt.plugins.JvmPlugin),Set(Atom(org.jetbrains.sbt.IdeaShellPlugin))))
[debug]   :: deduced result: Matched(sbt.plugins.CorePlugin,sbt.plugins.Giter8TemplatePlugin,sbt.plugins.IvyPlugin,sbt.plugins.JvmPlugin,sbt.plugins.SemanticdbPlugin,sbt.plugins.JUnitXmlReportPlugin,org.jetbrains.sbt.IdeaShellPlugin,org.jetbrains.sbt.StructurePlugin,sbt.plugins.MiniDependencyTreePlugin)
[debug] Plugins.deducer#function took 9.6377 ms
[info] loading settings for project root from build.sbt ...
[debug]         Load.resolveProject(root) took 41.1156ms
[debug]       Load.loadTransitive: finalizeProject(Project(id root, base: C:\Data\scala\-naumen.scala.course.2024.autumn\homeworks\homework_5, plugins: List(<none>))) took 57.2872ms
[debug] [Loading] Done in C:\Data\scala\-naumen.scala.course.2024.autumn\homeworks\homework_5, returning: (root)
[debug]     Load.loadUnit: loadedProjectsRaw took 1853.5259ms
[debug]     Load.loadUnit: cleanEvalClasses took 8.2075ms
[debug]   Load.loadUnit(file:/C:/Data/scala/-naumen.scala.course.2024.autumn/homeworks/homework_5/, ...) took 7604.4017ms
[debug] Load.apply: load took 7627.7273ms
[debug] Load.apply: resolveProjects took 0.0989ms
[debug] Load.apply: finalTransforms took 22.3477ms
[debug] Load.apply: config.delegates took 0.2821ms
[debug] Load.apply: Def.make(settings)... took 97.759ms
[debug] Load.apply: structureIndex took 21.5498ms
[debug] Load.apply: mkStreams took 0.0035ms
[info] set current project to homework_5 (in build file:/C:/Data/scala/-naumen.scala.course.2024.autumn/homeworks/homework_5/)
[debug] > Exec(sbtPopOnFailure, None, None)
[debug] > Exec(resumeFromFailure, None, None)
[debug] > Exec(notifyUsersAboutShell, None, None)
[debug] > Exec(iflast shell, None, None)
[debug] > Exec(idea-shell, None, None)
