[debug] > Exec(early(addDefaultCommands), None, None)
[debug] > Exec(addDefaultCommands, None, None)
[debug] > Exec(early(initialize), None, None)
[debug] > Exec(initialize, None, None)
[debug] > Exec(early(addPluginSbtFile="""C:\Users\Ilya\AppData\Local\Temp\idea2.sbt"""), None, None)
[debug] > Exec(addPluginSbtFile="""C:\Users\Ilya\AppData\Local\Temp\idea2.sbt""", None, None)
[debug] > Exec(boot, None, None)
[debug] > Exec(writeSbtVersion, None, None)
[debug] > Exec(reload, None, None)
[debug] > Exec(sbtStashOnFailure, None, None)
[debug] > Exec(onFailure loadFailed, None, None)
[debug] > Exec(loadp, None, None)
[info] welcome to sbt 1.10.2 (Oracle Corporation Java 22.0.2)
[debug] Load.defaultLoad until apply took 84.9216ms
[debug]           Load.loadUnit: plugins took 53.5905ms
[debug]           Load.loadUnit: defsScala took 0.1833ms
[debug] [Loading] Scanning directory C:\D\Study\5 семестр\Naumen\Scala\Homeworks\hw1\-naumen.scala.course.2024.autumn\homeworks\homework_1\task_3\task_3\project
[debug]             Load.loadUnit: mkEval took 4.2082ms
[debug] [Loading] Found non-root projects 
[debug] [Loading] Done in C:\D\Study\5 семестр\Naumen\Scala\Homeworks\hw1\-naumen.scala.course.2024.autumn\homeworks\homework_1\task_3\task_3\project, returning: ()
[debug] deducing auto plugins based on known facts Set(Atom(sbt.plugins.CorePlugin)) and clauses Clauses(Clause(Atom(sbt.plugins.JvmPlugin),Set(Atom(sbt.plugins.IvyPlugin)))
[debug] Clause(Atom(sbt.ScriptedPlugin),Set(Atom(sbt.plugins.JvmPlugin)))
[debug] Clause(Atom(sbt.plugins.SbtPlugin),Set(Atom(sbt.ScriptedPlugin)))
[debug] Clause(Atom(sbt.plugins.SemanticdbPlugin),Set(Atom(sbt.plugins.JvmPlugin)))
[debug] Clause(Atom(sbt.plugins.JUnitXmlReportPlugin),Set(Atom(sbt.plugins.JvmPlugin)))
[debug] Clause(Atom(sbt.plugins.MiniDependencyTreePlugin),Set(Atom(sbt.plugins.JvmPlugin)))
[debug] Clause(Atom(sbt.plugins.CorePlugin),Set(Atom(sbt.plugins.IvyPlugin)))
[debug] Clause(Atom(sbt.plugins.IvyPlugin),Set(Atom(sbt.plugins.JvmPlugin)))
[debug] Clause(Atom(sbt.plugins.JvmPlugin),Set(Atom(sbt.plugins.SemanticdbPlugin)))
[debug] Clause(Atom(sbt.plugins.JvmPlugin),Set(Atom(sbt.plugins.JUnitXmlReportPlugin)))
[debug] Clause(Atom(sbt.plugins.CorePlugin),Set(Atom(sbt.plugins.Giter8TemplatePlugin)))
[debug] Clause(Atom(sbt.plugins.JvmPlugin),Set(Atom(sbt.plugins.MiniDependencyTreePlugin))))
[debug]   :: deduced result: Matched(sbt.plugins.CorePlugin,sbt.plugins.Giter8TemplatePlugin,sbt.plugins.IvyPlugin,sbt.plugins.JvmPlugin,sbt.plugins.MiniDependencyTreePlugin,sbt.plugins.JUnitXmlReportPlugin,sbt.plugins.SemanticdbPlugin)
[debug] Plugins.deducer#function took 9.4583 ms
[info] loading settings for project task_3-build from idea2.sbt ...
[debug]               Load.resolveProject(task_3-build) took 25.2114ms
[debug]             Load.loadTransitive: finalizeProject(Project(id task_3-build, base: C:\D\Study\5 семестр\Naumen\Scala\Homeworks\hw1\-naumen.scala.course.2024.autumn\homeworks\homework_1\task_3\task_3\project, plugins: List(<none>))) took 47.3205ms
[debug] [Loading] Done in C:\D\Study\5 семестр\Naumen\Scala\Homeworks\hw1\-naumen.scala.course.2024.autumn\homeworks\homework_1\task_3\task_3\project, returning: (task_3-build)
[debug]           Load.loadUnit: loadedProjectsRaw took 212.0926ms
[debug]           Load.loadUnit: cleanEvalClasses took 9.2285ms
[debug]         Load.loadUnit(file:/C:/D/Study/5%20семестр/Naumen/Scala/Homeworks/hw1/-naumen.scala.course.2024.autumn/homeworks/homework_1/task_3/task_3/project/, ...) took 279.7256ms
[debug]       Load.apply: load took 456.755ms
[debug]       Load.apply: resolveProjects took 4.98ms
[debug]       Load.apply: finalTransforms took 68.8366ms
[debug]       Load.apply: config.delegates took 7.1052ms
[debug]       Load.apply: Def.make(settings)... took 311.4237ms
[debug]       Load.apply: structureIndex took 66.7762ms
[debug]       Load.apply: mkStreams took 1.4817ms
[info] loading project definition from C:\D\Study\5 семестр\Naumen\Scala\Homeworks\hw1\-naumen.scala.course.2024.autumn\homeworks\homework_1\task_3\task_3\project
[debug] Running task... Cancel: Signal, check cycles: false, forcegc: true
[debug]     Load.loadUnit: plugins took 1623.4969ms
[debug]     Load.loadUnit: defsScala took 0.0025ms
[debug] [Loading] Scanning directory C:\D\Study\5 семестр\Naumen\Scala\Homeworks\hw1\-naumen.scala.course.2024.autumn\homeworks\homework_1\task_3\task_3
[debug]       Load.loadUnit: mkEval took 0.1778ms
[debug] [Loading] Found non-root projects 
[debug] [Loading] Done in C:\D\Study\5 семестр\Naumen\Scala\Homeworks\hw1\-naumen.scala.course.2024.autumn\homeworks\homework_1\task_3\task_3, returning: ()
[debug] deducing auto plugins based on known facts Set(Atom(sbt.plugins.CorePlugin)) and clauses Clauses(Clause(Atom(sbt.plugins.JvmPlugin),Set(Atom(sbt.plugins.IvyPlugin)))
[debug] Clause(Atom(sbt.ScriptedPlugin),Set(Atom(sbt.plugins.JvmPlugin)))
[debug] Clause(Atom(sbt.plugins.SbtPlugin),Set(Atom(sbt.ScriptedPlugin)))
[debug] Clause(Atom(sbt.plugins.SemanticdbPlugin),Set(Atom(sbt.plugins.JvmPlugin)))
[debug] Clause(Atom(sbt.plugins.JUnitXmlReportPlugin),Set(Atom(sbt.plugins.JvmPlugin)))
[debug] Clause(Atom(sbt.plugins.MiniDependencyTreePlugin),Set(Atom(sbt.plugins.JvmPlugin)))
[debug] Clause(Atom(org.jetbrains.sbt.StructurePlugin),Set(Atom(sbt.plugins.JvmPlugin)))
[debug] Clause(Atom(org.jetbrains.sbt.IdeaShellPlugin),Set(Atom(sbt.plugins.JvmPlugin)))
[debug] Clause(Atom(org.jetbrains.sbt.indices.SbtIntellijIndicesPlugin),Set(Atom(sbt.plugins.JvmPlugin)))
[debug] Clause(Atom(sbt.plugins.CorePlugin),Set(Atom(sbt.plugins.IvyPlugin)))
[debug] Clause(Atom(sbt.plugins.IvyPlugin),Set(Atom(sbt.plugins.JvmPlugin)))
[debug] Clause(Atom(sbt.plugins.JvmPlugin),Set(Atom(sbt.plugins.SemanticdbPlugin)))
[debug] Clause(Atom(sbt.plugins.JvmPlugin),Set(Atom(sbt.plugins.JUnitXmlReportPlugin)))
[debug] Clause(Atom(sbt.plugins.CorePlugin),Set(Atom(sbt.plugins.Giter8TemplatePlugin)))
[debug] Clause(Atom(sbt.plugins.JvmPlugin),Set(Atom(sbt.plugins.MiniDependencyTreePlugin)))
[debug] Clause(Atom(sbt.plugins.JvmPlugin),Set(Atom(org.jetbrains.sbt.StructurePlugin)))
[debug] Clause(Atom(sbt.plugins.JvmPlugin),Set(Atom(org.jetbrains.sbt.IdeaShellPlugin)))
[debug] Clause(And(Set(Atom(sbt.plugins.CorePlugin), Atom(sbt.plugins.JvmPlugin))),Set(Atom(org.jetbrains.sbt.indices.SbtIntellijIndicesPlugin))))
[debug]   :: deduced result: Matched(sbt.plugins.CorePlugin,sbt.plugins.Giter8TemplatePlugin,sbt.plugins.IvyPlugin,sbt.plugins.JvmPlugin,sbt.plugins.SemanticdbPlugin,org.jetbrains.sbt.indices.SbtIntellijIndicesPlugin,sbt.plugins.JUnitXmlReportPlugin,org.jetbrains.sbt.IdeaShellPlugin,org.jetbrains.sbt.StructurePlugin,sbt.plugins.MiniDependencyTreePlugin)
[debug] Plugins.deducer#function took 1.5988 ms
[info] loading settings for project task_3 from build.sbt ...
[debug]         Load.resolveProject(task_3) took 22.7373ms
[debug]       Load.loadTransitive: finalizeProject(Project(id task_3, base: C:\D\Study\5 семестр\Naumen\Scala\Homeworks\hw1\-naumen.scala.course.2024.autumn\homeworks\homework_1\task_3\task_3, plugins: List(<none>))) took 25.0407ms
[debug] [Loading] Done in C:\D\Study\5 семестр\Naumen\Scala\Homeworks\hw1\-naumen.scala.course.2024.autumn\homeworks\homework_1\task_3\task_3, returning: (task_3)
[debug]     Load.loadUnit: loadedProjectsRaw took 27.1367ms
[debug]     Load.loadUnit: cleanEvalClasses took 0.0117ms
[debug]   Load.loadUnit(file:/C:/D/Study/5%20семестр/Naumen/Scala/Homeworks/hw1/-naumen.scala.course.2024.autumn/homeworks/homework_1/task_3/task_3/, ...) took 1652.7652ms
[debug] Load.apply: load took 1684.1052ms
[debug] Load.apply: resolveProjects took 0.1038ms
[debug] Load.apply: finalTransforms took 36.1347ms
[debug] Load.apply: config.delegates took 0.3034ms
[debug] Load.apply: Def.make(settings)... took 74.3241ms
[debug] Load.apply: structureIndex took 19.6973ms
[debug] Load.apply: mkStreams took 0.0019ms
[info] set current project to task_3 (in build file:/C:/D/Study/5%20семестр/Naumen/Scala/Homeworks/hw1/-naumen.scala.course.2024.autumn/homeworks/homework_1/task_3/task_3/)
[debug] > Exec(sbtPopOnFailure, None, None)
[debug] > Exec(resumeFromFailure, None, None)
[debug] > Exec(notifyUsersAboutShell, None, None)
[debug] > Exec(iflast shell, None, None)
[debug] > Exec(; set ideaPort in Global := 64306 ; idea-shell, None, None)
[debug] > Exec(set ideaPort in Global := 64306, None, None)
[info] Defining Global / ideaPort
[info] The new value will be used by Compile / compile, Test / compile
[debug] Defining 
[debug] 	Global / ideaPort
[debug] 
[debug] The new value will be used by 
[debug] 	Compile / compile
[debug] 	Test / compile
[info] Reapplying settings...
[info] set current project to task_3 (in build file:/C:/D/Study/5%20семестр/Naumen/Scala/Homeworks/hw1/-naumen.scala.course.2024.autumn/homeworks/homework_1/task_3/task_3/)
[debug] > Exec(idea-shell, None, None)
